mode: set
github.com/ismail118/bookings-app/internal/render/render.go:20.40,22.2 1 1
github.com/ismail118/bookings-app/internal/render/render.go:24.84,30.2 5 1
github.com/ismail118/bookings-app/internal/render/render.go:33.105,36.18 2 1
github.com/ismail118/bookings-app/internal/render/render.go:43.2,44.9 2 1
github.com/ismail118/bookings-app/internal/render/render.go:48.2,55.16 5 1
github.com/ismail118/bookings-app/internal/render/render.go:59.2,59.12 1 1
github.com/ismail118/bookings-app/internal/render/render.go:36.18,39.3 1 0
github.com/ismail118/bookings-app/internal/render/render.go:39.8,41.3 1 1
github.com/ismail118/bookings-app/internal/render/render.go:44.9,46.3 1 1
github.com/ismail118/bookings-app/internal/render/render.go:55.16,57.3 1 0
github.com/ismail118/bookings-app/internal/render/render.go:64.67,69.16 3 1
github.com/ismail118/bookings-app/internal/render/render.go:73.2,73.29 1 1
github.com/ismail118/bookings-app/internal/render/render.go:95.2,95.21 1 1
github.com/ismail118/bookings-app/internal/render/render.go:69.16,71.3 1 0
github.com/ismail118/bookings-app/internal/render/render.go:73.29,76.17 3 1
github.com/ismail118/bookings-app/internal/render/render.go:80.3,81.17 2 1
github.com/ismail118/bookings-app/internal/render/render.go:85.3,85.23 1 1
github.com/ismail118/bookings-app/internal/render/render.go:92.3,92.21 1 1
github.com/ismail118/bookings-app/internal/render/render.go:76.17,78.4 1 0
github.com/ismail118/bookings-app/internal/render/render.go:81.17,83.4 1 0
github.com/ismail118/bookings-app/internal/render/render.go:85.23,87.18 2 1
github.com/ismail118/bookings-app/internal/render/render.go:87.18,89.5 1 0
github.com/ismail118/bookings-app/cmd/web/routes.go:11.49,36.2 18 1
github.com/ismail118/bookings-app/cmd/web/main.go:22.13,24.16 2 0
github.com/ismail118/bookings-app/cmd/web/main.go:28.2,36.16 4 0
github.com/ismail118/bookings-app/cmd/web/main.go:24.16,26.3 1 0
github.com/ismail118/bookings-app/cmd/web/main.go:36.16,38.3 1 0
github.com/ismail118/bookings-app/cmd/web/main.go:41.18,58.16 10 1
github.com/ismail118/bookings-app/cmd/web/main.go:62.2,70.12 6 1
github.com/ismail118/bookings-app/cmd/web/main.go:58.16,60.3 1 0
github.com/ismail118/bookings-app/cmd/web/middleware.go:9.45,19.2 3 1
github.com/ismail118/bookings-app/cmd/web/middleware.go:22.50,24.2 1 1
github.com/ismail118/bookings-app/internal/handlers/handlers.go:23.47,27.2 1 1
github.com/ismail118/bookings-app/internal/handlers/handlers.go:30.33,32.2 1 1
github.com/ismail118/bookings-app/internal/handlers/handlers.go:35.67,40.2 3 1
github.com/ismail118/bookings-app/internal/handlers/handlers.go:43.68,55.2 5 1
github.com/ismail118/bookings-app/internal/handlers/handlers.go:58.70,60.2 1 1
github.com/ismail118/bookings-app/internal/handlers/handlers.go:63.70,65.2 1 0
github.com/ismail118/bookings-app/internal/handlers/handlers.go:68.75,70.2 1 1
github.com/ismail118/bookings-app/internal/handlers/handlers.go:73.79,78.16 4 1
github.com/ismail118/bookings-app/internal/handlers/handlers.go:78.16,80.3 1 0
github.com/ismail118/bookings-app/internal/handlers/handlers.go:89.83,98.16 5 1
github.com/ismail118/bookings-app/internal/handlers/handlers.go:98.16,100.3 1 0
github.com/ismail118/bookings-app/internal/handlers/handlers.go:104.70,106.2 1 1
github.com/ismail118/bookings-app/internal/handlers/handlers.go:109.74,118.2 4 1
github.com/ismail118/bookings-app/internal/handlers/handlers.go:121.78,123.16 2 1
github.com/ismail118/bookings-app/internal/handlers/handlers.go:128.2,141.19 6 1
github.com/ismail118/bookings-app/internal/handlers/handlers.go:151.2,153.66 2 1
github.com/ismail118/bookings-app/internal/handlers/handlers.go:123.16,126.3 2 0
github.com/ismail118/bookings-app/internal/handlers/handlers.go:141.19,149.3 4 0
github.com/ismail118/bookings-app/internal/handlers/handlers.go:157.81,159.9 2 1
github.com/ismail118/bookings-app/internal/handlers/handlers.go:165.2,172.4 4 0
github.com/ismail118/bookings-app/internal/handlers/handlers.go:159.9,164.3 4 1
