mode: set
github.com/ismail118/bookings-app/internal/forms/forms.go:16.29,17.24 1 1
github.com/ismail118/bookings-app/internal/forms/forms.go:21.2,21.14 1 1
github.com/ismail118/bookings-app/internal/forms/forms.go:17.24,19.3 1 1
github.com/ismail118/bookings-app/internal/forms/forms.go:25.33,30.2 1 1
github.com/ismail118/bookings-app/internal/forms/forms.go:33.43,34.31 1 1
github.com/ismail118/bookings-app/internal/forms/forms.go:34.31,36.37 2 1
github.com/ismail118/bookings-app/internal/forms/forms.go:36.37,38.4 1 1
github.com/ismail118/bookings-app/internal/forms/forms.go:43.39,45.13 2 1
github.com/ismail118/bookings-app/internal/forms/forms.go:50.2,50.13 1 1
github.com/ismail118/bookings-app/internal/forms/forms.go:45.13,48.3 2 1
github.com/ismail118/bookings-app/internal/forms/forms.go:54.60,56.24 2 1
github.com/ismail118/bookings-app/internal/forms/forms.go:61.2,61.13 1 1
github.com/ismail118/bookings-app/internal/forms/forms.go:56.24,59.3 2 1
github.com/ismail118/bookings-app/internal/forms/forms.go:64.43,65.45 1 1
github.com/ismail118/bookings-app/internal/forms/forms.go:70.2,70.13 1 1
github.com/ismail118/bookings-app/internal/forms/forms.go:65.45,68.3 2 1
github.com/ismail118/bookings-app/internal/forms/error.go:6.44,8.2 1 1
github.com/ismail118/bookings-app/internal/forms/error.go:11.42,13.20 2 1
github.com/ismail118/bookings-app/internal/forms/error.go:17.2,17.16 1 1
github.com/ismail118/bookings-app/internal/forms/error.go:13.20,15.3 1 1
github.com/ismail118/bookings-app/internal/render/render.go:20.39,22.2 1 1
github.com/ismail118/bookings-app/internal/render/render.go:24.84,30.2 5 1
github.com/ismail118/bookings-app/internal/render/render.go:33.99,36.18 2 1
github.com/ismail118/bookings-app/internal/render/render.go:43.2,44.9 2 1
github.com/ismail118/bookings-app/internal/render/render.go:48.2,55.16 5 1
github.com/ismail118/bookings-app/internal/render/render.go:59.2,59.12 1 1
github.com/ismail118/bookings-app/internal/render/render.go:36.18,39.3 1 0
github.com/ismail118/bookings-app/internal/render/render.go:39.8,41.3 1 1
github.com/ismail118/bookings-app/internal/render/render.go:44.9,46.3 1 1
github.com/ismail118/bookings-app/internal/render/render.go:55.16,57.3 1 0
github.com/ismail118/bookings-app/internal/render/render.go:64.67,69.16 3 1
github.com/ismail118/bookings-app/internal/render/render.go:73.2,73.29 1 1
github.com/ismail118/bookings-app/internal/render/render.go:95.2,95.21 1 1
github.com/ismail118/bookings-app/internal/render/render.go:69.16,71.3 1 0
github.com/ismail118/bookings-app/internal/render/render.go:73.29,76.17 3 1
github.com/ismail118/bookings-app/internal/render/render.go:80.3,81.17 2 1
github.com/ismail118/bookings-app/internal/render/render.go:85.3,85.23 1 1
github.com/ismail118/bookings-app/internal/render/render.go:92.3,92.21 1 1
github.com/ismail118/bookings-app/internal/render/render.go:76.17,78.4 1 0
github.com/ismail118/bookings-app/internal/render/render.go:81.17,83.4 1 0
github.com/ismail118/bookings-app/internal/render/render.go:85.23,87.18 2 1
github.com/ismail118/bookings-app/internal/render/render.go:87.18,89.5 1 0
github.com/ismail118/bookings-app/cmd/web/middleware.go:9.45,19.2 3 1
github.com/ismail118/bookings-app/cmd/web/middleware.go:22.50,24.2 1 1
github.com/ismail118/bookings-app/cmd/web/routes.go:11.49,38.2 20 1
github.com/ismail118/bookings-app/cmd/web/main.go:27.13,29.16 2 0
github.com/ismail118/bookings-app/cmd/web/main.go:32.2,42.16 5 0
github.com/ismail118/bookings-app/cmd/web/main.go:29.16,31.3 1 0
github.com/ismail118/bookings-app/cmd/web/main.go:42.16,44.3 1 0
github.com/ismail118/bookings-app/cmd/web/main.go:47.32,75.16 18 1
github.com/ismail118/bookings-app/cmd/web/main.go:79.2,80.16 2 1
github.com/ismail118/bookings-app/cmd/web/main.go:84.2,92.16 7 1
github.com/ismail118/bookings-app/cmd/web/main.go:75.16,77.3 1 0
github.com/ismail118/bookings-app/cmd/web/main.go:80.16,82.3 1 0
github.com/ismail118/bookings-app/internal/handlers/handlers.go:30.62,35.2 1 0
github.com/ismail118/bookings-app/internal/handlers/handlers.go:37.51,42.2 1 1
github.com/ismail118/bookings-app/internal/handlers/handlers.go:45.33,47.2 1 1
github.com/ismail118/bookings-app/internal/handlers/handlers.go:50.67,52.2 1 1
github.com/ismail118/bookings-app/internal/handlers/handlers.go:55.68,58.2 1 1
github.com/ismail118/bookings-app/internal/handlers/handlers.go:61.70,63.2 1 1
github.com/ismail118/bookings-app/internal/handlers/handlers.go:66.70,68.2 1 1
github.com/ismail118/bookings-app/internal/handlers/handlers.go:71.75,73.2 1 1
github.com/ismail118/bookings-app/internal/handlers/handlers.go:76.79,83.16 5 0
github.com/ismail118/bookings-app/internal/handlers/handlers.go:87.2,88.16 2 0
github.com/ismail118/bookings-app/internal/handlers/handlers.go:93.2,94.16 2 0
github.com/ismail118/bookings-app/internal/handlers/handlers.go:99.2,99.21 1 0
github.com/ismail118/bookings-app/internal/handlers/handlers.go:105.2,117.4 5 0
github.com/ismail118/bookings-app/internal/handlers/handlers.go:83.16,86.3 2 0
github.com/ismail118/bookings-app/internal/handlers/handlers.go:88.16,91.3 2 0
github.com/ismail118/bookings-app/internal/handlers/handlers.go:94.16,97.3 2 0
github.com/ismail118/bookings-app/internal/handlers/handlers.go:99.21,103.3 3 0
github.com/ismail118/bookings-app/internal/handlers/handlers.go:129.83,153.16 13 0
github.com/ismail118/bookings-app/internal/handlers/handlers.go:153.16,156.3 2 0
github.com/ismail118/bookings-app/internal/handlers/handlers.go:160.70,162.2 1 1
github.com/ismail118/bookings-app/internal/handlers/handlers.go:165.74,167.9 2 1
github.com/ismail118/bookings-app/internal/handlers/handlers.go:173.2,174.16 2 1
github.com/ismail118/bookings-app/internal/handlers/handlers.go:180.2,197.4 11 1
github.com/ismail118/bookings-app/internal/handlers/handlers.go:167.9,171.3 3 1
github.com/ismail118/bookings-app/internal/handlers/handlers.go:174.16,178.3 3 1
github.com/ismail118/bookings-app/internal/handlers/handlers.go:201.78,203.16 2 1
github.com/ismail118/bookings-app/internal/handlers/handlers.go:209.2,215.16 5 1
github.com/ismail118/bookings-app/internal/handlers/handlers.go:221.2,222.16 2 1
github.com/ismail118/bookings-app/internal/handlers/handlers.go:228.2,229.16 2 1
github.com/ismail118/bookings-app/internal/handlers/handlers.go:235.2,236.16 2 1
github.com/ismail118/bookings-app/internal/handlers/handlers.go:242.2,259.19 6 1
github.com/ismail118/bookings-app/internal/handlers/handlers.go:278.2,279.16 2 1
github.com/ismail118/bookings-app/internal/handlers/handlers.go:285.2,294.16 3 1
github.com/ismail118/bookings-app/internal/handlers/handlers.go:300.2,302.66 2 1
github.com/ismail118/bookings-app/internal/handlers/handlers.go:203.16,207.3 3 1
github.com/ismail118/bookings-app/internal/handlers/handlers.go:215.16,219.3 3 1
github.com/ismail118/bookings-app/internal/handlers/handlers.go:222.16,226.3 3 1
github.com/ismail118/bookings-app/internal/handlers/handlers.go:229.16,233.3 3 1
github.com/ismail118/bookings-app/internal/handlers/handlers.go:236.16,240.3 3 1
github.com/ismail118/bookings-app/internal/handlers/handlers.go:259.19,276.3 8 1
github.com/ismail118/bookings-app/internal/handlers/handlers.go:279.16,283.3 3 1
github.com/ismail118/bookings-app/internal/handlers/handlers.go:294.16,298.3 3 1
github.com/ismail118/bookings-app/internal/handlers/handlers.go:306.81,308.9 2 0
github.com/ismail118/bookings-app/internal/handlers/handlers.go:314.2,329.4 10 0
github.com/ismail118/bookings-app/internal/handlers/handlers.go:308.9,313.3 4 0
github.com/ismail118/bookings-app/internal/handlers/handlers.go:332.73,334.16 2 0
github.com/ismail118/bookings-app/internal/handlers/handlers.go:339.2,340.9 2 0
github.com/ismail118/bookings-app/internal/handlers/handlers.go:345.2,348.63 3 0
github.com/ismail118/bookings-app/internal/handlers/handlers.go:334.16,337.3 2 0
github.com/ismail118/bookings-app/internal/handlers/handlers.go:340.9,343.3 2 0
github.com/ismail118/bookings-app/internal/handlers/handlers.go:351.71,353.16 2 0
github.com/ismail118/bookings-app/internal/handlers/handlers.go:358.2,366.16 7 0
github.com/ismail118/bookings-app/internal/handlers/handlers.go:371.2,379.72 7 0
github.com/ismail118/bookings-app/internal/handlers/handlers.go:353.16,356.3 2 0
github.com/ismail118/bookings-app/internal/handlers/handlers.go:366.16,369.3 2 0
