mode: set
github.com/ismail118/bookings-app/cmd/web/main.go:22.13,24.16 2 0
github.com/ismail118/bookings-app/cmd/web/main.go:28.2,36.16 4 0
github.com/ismail118/bookings-app/cmd/web/main.go:24.16,26.3 1 0
github.com/ismail118/bookings-app/cmd/web/main.go:36.16,38.3 1 0
github.com/ismail118/bookings-app/cmd/web/main.go:41.18,58.16 10 1
github.com/ismail118/bookings-app/cmd/web/main.go:62.2,70.12 6 1
github.com/ismail118/bookings-app/cmd/web/main.go:58.16,60.3 1 0
github.com/ismail118/bookings-app/cmd/web/middleware.go:9.45,19.2 3 1
github.com/ismail118/bookings-app/cmd/web/middleware.go:22.50,24.2 1 1
github.com/ismail118/bookings-app/cmd/web/routes.go:11.49,36.2 18 1
